This is pdfTeX, Version 3.1415926-2.5-1.40.14 (MiKTeX 2.9) (preloaded format=pdflatex 2015.5.22)  17 MAR 2017 16:38
entering extended mode
**seminar-template.tex
("D:\Master Thesis\Thesis\Report\seminar-template.tex"
LaTeX2e <2011/06/27>
Babel <v3.8m> and hyphenation patterns for english, afrikaans, ancientgreek, ar
abic, armenian, assamese, basque, bengali, bokmal, bulgarian, catalan, coptic, 
croatian, czech, danish, dutch, esperanto, estonian, farsi, finnish, french, ga
lician, german, german-x-2013-05-26, greek, gujarati, hindi, hungarian, iceland
ic, indonesian, interlingua, irish, italian, kannada, kurmanji, latin, latvian,
 lithuanian, malayalam, marathi, mongolian, mongolianlmc, monogreek, ngerman, n
german-x-2013-05-26, nynorsk, oriya, panjabi, pinyin, polish, portuguese, roman
ian, russian, sanskrit, serbian, slovak, slovenian, spanish, swedish, swissgerm
an, tamil, telugu, turkish, turkmen, ukenglish, ukrainian, uppersorbian, usengl
ishmax, welsh, loaded.
("C:\Program Files (x86)\MiKTeX 2.9\tex\latex\koma-script\scrartcl.cls"
Document Class: scrartcl 2015/05/06 v3.17a KOMA-Script document class (article)

("C:\Program Files (x86)\MiKTeX 2.9\tex\latex\koma-script\scrkbase.sty"
Package: scrkbase 2015/05/06 v3.17a KOMA-Script package (KOMA-Script-dependent 
basics and keyval usage)

("C:\Program Files (x86)\MiKTeX 2.9\tex\latex\koma-script\scrbase.sty"
Package: scrbase 2015/05/06 v3.17a KOMA-Script package (KOMA-Script-independent
 basics and keyval usage)

("C:\Program Files (x86)\MiKTeX 2.9\tex\latex\graphics\keyval.sty"
Package: keyval 1999/03/16 v1.13 key=value parser (DPC)
\KV@toks@=\toks14
)
("C:\Program Files (x86)\MiKTeX 2.9\tex\latex\koma-script\scrlfile.sty"
Package: scrlfile 2015/05/06 v3.17a KOMA-Script package (loading files)

Package scrlfile, 2015/05/06 v3.17a KOMA-Script package (loading files)
                  Copyright (C) Markus Kohm

))) ("C:\Program Files (x86)\MiKTeX 2.9\tex\latex\koma-script\tocbasic.sty"
Package: tocbasic 2015/05/06 v3.17a KOMA-Script package (handling toc-files)
)
Package tocbasic Info: omitting babel extension for `toc'
(tocbasic)             because of feature `nobabel' available
(tocbasic)             for `toc' on input line 122.
Package tocbasic Info: omitting babel extension for `lof'
(tocbasic)             because of feature `nobabel' available
(tocbasic)             for `lof' on input line 123.
Package tocbasic Info: omitting babel extension for `lot'
(tocbasic)             because of feature `nobabel' available
(tocbasic)             for `lot' on input line 124.
Package scrartcl Info: You've used standard option `12pt'.
(scrartcl)             This is correct!
(scrartcl)             Internally I'm using `fontsize=12pt'.
(scrartcl)             If you'd like to set the option with \KOMAoptions,
(scrartcl)             you'd have to use `fontsize=12pt' there
(scrartcl)             instead of `12pt', too.
Class scrartcl Info: File `scrsize12pt.clo' used to setup font sizes on input l
ine 1942.

("C:\Program Files (x86)\MiKTeX 2.9\tex\latex\koma-script\scrsize12pt.clo"
File: scrsize12pt.clo 2015/05/06 v3.17a KOMA-Script font size class option (12p
t)
)
("C:\Program Files (x86)\MiKTeX 2.9\tex\latex\koma-script\typearea.sty"
Package: typearea 2015/05/06 v3.17a KOMA-Script package (type area)

Package typearea, 2015/05/06 v3.17a KOMA-Script package (type area)
                  Copyright (C) Frank Neukam, 1992-1994
                  Copyright (C) Markus Kohm, 1994-

\ta@bcor=\skip41
\ta@div=\count79
Package typearea Info: You've used standard option `a4paper'.
(typearea)             This is correct!
(typearea)             Internally I'm using `paper=a4'.
(typearea)             If you'd like to set the option with \KOMAoptions,
(typearea)             you'd have to use `paper=a4' there
(typearea)             instead of `a4paper', too.
\ta@hblk=\skip42
\ta@vblk=\skip43
\ta@temp=\skip44
\footheight=\skip45
Package typearea Info: These are the values describing the layout:
(typearea)             DIV  = 12
(typearea)             BCOR = 0.0pt
(typearea)             \paperwidth      = 597.50793pt
(typearea)              \textwidth      = 448.13095pt
(typearea)              DIV departure   = -6%
(typearea)              \evensidemargin = 2.4185pt
(typearea)              \oddsidemargin  = 2.4185pt
(typearea)             \paperheight     = 845.04694pt
(typearea)              \textheight     = 635.5pt
(typearea)              \topmargin      = -41.72441pt
(typearea)              \headheight     = 18.125pt
(typearea)              \headsep        = 21.75pt
(typearea)              \topskip        = 12.0pt
(typearea)              \footskip       = 50.75pt
(typearea)              \baselineskip   = 14.5pt
(typearea)              on input line 1485.
)
\c@part=\count80
\c@section=\count81
\c@subsection=\count82
\c@subsubsection=\count83
\c@paragraph=\count84
\c@subparagraph=\count85
\abovecaptionskip=\skip46
\belowcaptionskip=\skip47
\c@pti@nb@sid@b@x=\box26
\c@figure=\count86
\c@table=\count87
\bibindent=\dimen102
) ("C:\Program Files (x86)\MiKTeX 2.9\tex\latex\lm\lmodern.sty"
Package: lmodern 2009/10/30 v1.6 Latin Modern Fonts
LaTeX Font Info:    Overwriting symbol font `operators' in version `normal'
(Font)                  OT1/cmr/m/n --> OT1/lmr/m/n on input line 22.
LaTeX Font Info:    Overwriting symbol font `letters' in version `normal'
(Font)                  OML/cmm/m/it --> OML/lmm/m/it on input line 23.
LaTeX Font Info:    Overwriting symbol font `symbols' in version `normal'
(Font)                  OMS/cmsy/m/n --> OMS/lmsy/m/n on input line 24.
LaTeX Font Info:    Overwriting symbol font `largesymbols' in version `normal'
(Font)                  OMX/cmex/m/n --> OMX/lmex/m/n on input line 25.
LaTeX Font Info:    Overwriting symbol font `operators' in version `bold'
(Font)                  OT1/cmr/bx/n --> OT1/lmr/bx/n on input line 26.
LaTeX Font Info:    Overwriting symbol font `letters' in version `bold'
(Font)                  OML/cmm/b/it --> OML/lmm/b/it on input line 27.
LaTeX Font Info:    Overwriting symbol font `symbols' in version `bold'
(Font)                  OMS/cmsy/b/n --> OMS/lmsy/b/n on input line 28.
LaTeX Font Info:    Overwriting symbol font `largesymbols' in version `bold'
(Font)                  OMX/cmex/m/n --> OMX/lmex/m/n on input line 29.
LaTeX Font Info:    Overwriting math alphabet `\mathbf' in version `normal'
(Font)                  OT1/cmr/bx/n --> OT1/lmr/bx/n on input line 31.
LaTeX Font Info:    Overwriting math alphabet `\mathsf' in version `normal'
(Font)                  OT1/cmss/m/n --> OT1/lmss/m/n on input line 32.
LaTeX Font Info:    Overwriting math alphabet `\mathit' in version `normal'
(Font)                  OT1/cmr/m/it --> OT1/lmr/m/it on input line 33.
LaTeX Font Info:    Overwriting math alphabet `\mathtt' in version `normal'
(Font)                  OT1/cmtt/m/n --> OT1/lmtt/m/n on input line 34.
LaTeX Font Info:    Overwriting math alphabet `\mathbf' in version `bold'
(Font)                  OT1/cmr/bx/n --> OT1/lmr/bx/n on input line 35.
LaTeX Font Info:    Overwriting math alphabet `\mathsf' in version `bold'
(Font)                  OT1/cmss/bx/n --> OT1/lmss/bx/n on input line 36.
LaTeX Font Info:    Overwriting math alphabet `\mathit' in version `bold'
(Font)                  OT1/cmr/bx/it --> OT1/lmr/bx/it on input line 37.
LaTeX Font Info:    Overwriting math alphabet `\mathtt' in version `bold'
(Font)                  OT1/cmtt/m/n --> OT1/lmtt/m/n on input line 38.
)
("C:\Program Files (x86)\MiKTeX 2.9\tex\latex\base\inputenc.sty"
Package: inputenc 2008/03/30 v1.1d Input encoding file
\inpenc@prehook=\toks15
\inpenc@posthook=\toks16

("C:\Program Files (x86)\MiKTeX 2.9\tex\latex\base\utf8.def"
File: utf8.def 2008/04/05 v1.1m UTF-8 support for inputenc
Now handling font encoding OML ...
... no UTF-8 mapping file for font encoding OML
Now handling font encoding T1 ...
... processing UTF-8 mapping file for font encoding T1

("C:\Program Files (x86)\MiKTeX 2.9\tex\latex\base\t1enc.dfu"
File: t1enc.dfu 2008/04/05 v1.1m UTF-8 support for inputenc
   defining Unicode char U+00A1 (decimal 161)
   defining Unicode char U+00A3 (decimal 163)
   defining Unicode char U+00AB (decimal 171)
   defining Unicode char U+00BB (decimal 187)
   defining Unicode char U+00BF (decimal 191)
   defining Unicode char U+00C0 (decimal 192)
   defining Unicode char U+00C1 (decimal 193)
   defining Unicode char U+00C2 (decimal 194)
   defining Unicode char U+00C3 (decimal 195)
   defining Unicode char U+00C4 (decimal 196)
   defining Unicode char U+00C5 (decimal 197)
   defining Unicode char U+00C6 (decimal 198)
   defining Unicode char U+00C7 (decimal 199)
   defining Unicode char U+00C8 (decimal 200)
   defining Unicode char U+00C9 (decimal 201)
   defining Unicode char U+00CA (decimal 202)
   defining Unicode char U+00CB (decimal 203)
   defining Unicode char U+00CC (decimal 204)
   defining Unicode char U+00CD (decimal 205)
   defining Unicode char U+00CE (decimal 206)
   defining Unicode char U+00CF (decimal 207)
   defining Unicode char U+00D0 (decimal 208)
   defining Unicode char U+00D1 (decimal 209)
   defining Unicode char U+00D2 (decimal 210)
   defining Unicode char U+00D3 (decimal 211)
   defining Unicode char U+00D4 (decimal 212)
   defining Unicode char U+00D5 (decimal 213)
   defining Unicode char U+00D6 (decimal 214)
   defining Unicode char U+00D8 (decimal 216)
   defining Unicode char U+00D9 (decimal 217)
   defining Unicode char U+00DA (decimal 218)
   defining Unicode char U+00DB (decimal 219)
   defining Unicode char U+00DC (decimal 220)
   defining Unicode char U+00DD (decimal 221)
   defining Unicode char U+00DE (decimal 222)
   defining Unicode char U+00DF (decimal 223)
   defining Unicode char U+00E0 (decimal 224)
   defining Unicode char U+00E1 (decimal 225)
   defining Unicode char U+00E2 (decimal 226)
   defining Unicode char U+00E3 (decimal 227)
   defining Unicode char U+00E4 (decimal 228)
   defining Unicode char U+00E5 (decimal 229)
   defining Unicode char U+00E6 (decimal 230)
   defining Unicode char U+00E7 (decimal 231)
   defining Unicode char U+00E8 (decimal 232)
   defining Unicode char U+00E9 (decimal 233)
   defining Unicode char U+00EA (decimal 234)
   defining Unicode char U+00EB (decimal 235)
   defining Unicode char U+00EC (decimal 236)
   defining Unicode char U+00ED (decimal 237)
   defining Unicode char U+00EE (decimal 238)
   defining Unicode char U+00EF (decimal 239)
   defining Unicode char U+00F0 (decimal 240)
   defining Unicode char U+00F1 (decimal 241)
   defining Unicode char U+00F2 (decimal 242)
   defining Unicode char U+00F3 (decimal 243)
   defining Unicode char U+00F4 (decimal 244)
   defining Unicode char U+00F5 (decimal 245)
   defining Unicode char U+00F6 (decimal 246)
   defining Unicode char U+00F8 (decimal 248)
   defining Unicode char U+00F9 (decimal 249)
   defining Unicode char U+00FA (decimal 250)
   defining Unicode char U+00FB (decimal 251)
   defining Unicode char U+00FC (decimal 252)
   defining Unicode char U+00FD (decimal 253)
   defining Unicode char U+00FE (decimal 254)
   defining Unicode char U+00FF (decimal 255)
   defining Unicode char U+0102 (decimal 258)
   defining Unicode char U+0103 (decimal 259)
   defining Unicode char U+0104 (decimal 260)
   defining Unicode char U+0105 (decimal 261)
   defining Unicode char U+0106 (decimal 262)
   defining Unicode char U+0107 (decimal 263)
   defining Unicode char U+010C (decimal 268)
   defining Unicode char U+010D (decimal 269)
   defining Unicode char U+010E (decimal 270)
   defining Unicode char U+010F (decimal 271)
   defining Unicode char U+0110 (decimal 272)
   defining Unicode char U+0111 (decimal 273)
   defining Unicode char U+0118 (decimal 280)
   defining Unicode char U+0119 (decimal 281)
   defining Unicode char U+011A (decimal 282)
   defining Unicode char U+011B (decimal 283)
   defining Unicode char U+011E (decimal 286)
   defining Unicode char U+011F (decimal 287)
   defining Unicode char U+0130 (decimal 304)
   defining Unicode char U+0131 (decimal 305)
   defining Unicode char U+0132 (decimal 306)
   defining Unicode char U+0133 (decimal 307)
   defining Unicode char U+0139 (decimal 313)
   defining Unicode char U+013A (decimal 314)
   defining Unicode char U+013D (decimal 317)
   defining Unicode char U+013E (decimal 318)
   defining Unicode char U+0141 (decimal 321)
   defining Unicode char U+0142 (decimal 322)
   defining Unicode char U+0143 (decimal 323)
   defining Unicode char U+0144 (decimal 324)
   defining Unicode char U+0147 (decimal 327)
   defining Unicode char U+0148 (decimal 328)
   defining Unicode char U+014A (decimal 330)
   defining Unicode char U+014B (decimal 331)
   defining Unicode char U+0150 (decimal 336)
   defining Unicode char U+0151 (decimal 337)
   defining Unicode char U+0152 (decimal 338)
   defining Unicode char U+0153 (decimal 339)
   defining Unicode char U+0154 (decimal 340)
   defining Unicode char U+0155 (decimal 341)
   defining Unicode char U+0158 (decimal 344)
   defining Unicode char U+0159 (decimal 345)
   defining Unicode char U+015A (decimal 346)
   defining Unicode char U+015B (decimal 347)
   defining Unicode char U+015E (decimal 350)
   defining Unicode char U+015F (decimal 351)
   defining Unicode char U+0160 (decimal 352)
   defining Unicode char U+0161 (decimal 353)
   defining Unicode char U+0162 (decimal 354)
   defining Unicode char U+0163 (decimal 355)
   defining Unicode char U+0164 (decimal 356)
   defining Unicode char U+0165 (decimal 357)
   defining Unicode char U+016E (decimal 366)
   defining Unicode char U+016F (decimal 367)
   defining Unicode char U+0170 (decimal 368)
   defining Unicode char U+0171 (decimal 369)
   defining Unicode char U+0178 (decimal 376)
   defining Unicode char U+0179 (decimal 377)
   defining Unicode char U+017A (decimal 378)
   defining Unicode char U+017B (decimal 379)
   defining Unicode char U+017C (decimal 380)
   defining Unicode char U+017D (decimal 381)
   defining Unicode char U+017E (decimal 382)
   defining Unicode char U+200C (decimal 8204)
   defining Unicode char U+2013 (decimal 8211)
   defining Unicode char U+2014 (decimal 8212)
   defining Unicode char U+2018 (decimal 8216)
   defining Unicode char U+2019 (decimal 8217)
   defining Unicode char U+201A (decimal 8218)
   defining Unicode char U+201C (decimal 8220)
   defining Unicode char U+201D (decimal 8221)
   defining Unicode char U+201E (decimal 8222)
   defining Unicode char U+2030 (decimal 8240)
   defining Unicode char U+2031 (decimal 8241)
   defining Unicode char U+2039 (decimal 8249)
   defining Unicode char U+203A (decimal 8250)
   defining Unicode char U+2423 (decimal 9251)
)
Now handling font encoding OT1 ...
... processing UTF-8 mapping file for font encoding OT1

("C:\Program Files (x86)\MiKTeX 2.9\tex\latex\base\ot1enc.dfu"
File: ot1enc.dfu 2008/04/05 v1.1m UTF-8 support for inputenc
   defining Unicode char U+00A1 (decimal 161)
   defining Unicode char U+00A3 (decimal 163)
   defining Unicode char U+00B8 (decimal 184)
   defining Unicode char U+00BF (decimal 191)
   defining Unicode char U+00C5 (decimal 197)
   defining Unicode char U+00C6 (decimal 198)
   defining Unicode char U+00D8 (decimal 216)
   defining Unicode char U+00DF (decimal 223)
   defining Unicode char U+00E6 (decimal 230)
   defining Unicode char U+00EC (decimal 236)
   defining Unicode char U+00ED (decimal 237)
   defining Unicode char U+00EE (decimal 238)
   defining Unicode char U+00EF (decimal 239)
   defining Unicode char U+00F8 (decimal 248)
   defining Unicode char U+0131 (decimal 305)
   defining Unicode char U+0141 (decimal 321)
   defining Unicode char U+0142 (decimal 322)
   defining Unicode char U+0152 (decimal 338)
   defining Unicode char U+0153 (decimal 339)
   defining Unicode char U+2013 (decimal 8211)
   defining Unicode char U+2014 (decimal 8212)
   defining Unicode char U+2018 (decimal 8216)
   defining Unicode char U+2019 (decimal 8217)
   defining Unicode char U+201C (decimal 8220)
   defining Unicode char U+201D (decimal 8221)
)
Now handling font encoding OMS ...
... processing UTF-8 mapping file for font encoding OMS

("C:\Program Files (x86)\MiKTeX 2.9\tex\latex\base\omsenc.dfu"
File: omsenc.dfu 2008/04/05 v1.1m UTF-8 support for inputenc
   defining Unicode char U+00A7 (decimal 167)
   defining Unicode char U+00B6 (decimal 182)
   defining Unicode char U+00B7 (decimal 183)
   defining Unicode char U+2020 (decimal 8224)
   defining Unicode char U+2021 (decimal 8225)
   defining Unicode char U+2022 (decimal 8226)
)
Now handling font encoding OMX ...
... no UTF-8 mapping file for font encoding OMX
Now handling font encoding U ...
... no UTF-8 mapping file for font encoding U
   defining Unicode char U+00A9 (decimal 169)
   defining Unicode char U+00AA (decimal 170)
   defining Unicode char U+00AE (decimal 174)
   defining Unicode char U+00BA (decimal 186)
   defining Unicode char U+02C6 (decimal 710)
   defining Unicode char U+02DC (decimal 732)
   defining Unicode char U+200C (decimal 8204)
   defining Unicode char U+2026 (decimal 8230)
   defining Unicode char U+2122 (decimal 8482)
   defining Unicode char U+2423 (decimal 9251)
))
("C:\Program Files (x86)\MiKTeX 2.9\tex\generic\babel\babel.sty"
Package: babel 2008/07/08 v3.8m The Babel package

*************************************
* Local config file bblopts.cfg used
*
("C:\Program Files (x86)\MiKTeX 2.9\tex\latex\00miktex\bblopts.cfg"
File: bblopts.cfg 2006/07/31 v1.0 MiKTeX 'babel' configuration
)
("C:\Program Files (x86)\MiKTeX 2.9\tex\generic\babel\english.ldf"
Language: english 2005/03/30 v3.3o English support from the babel system

("C:\Program Files (x86)\MiKTeX 2.9\tex\generic\babel\babel.def"
File: babel.def 2008/07/08 v3.8m Babel common definitions
\babel@savecnt=\count88
\U@D=\dimen103
)
\l@canadian = a dialect from \language\l@american 
\l@australian = a dialect from \language\l@british 
\l@newzealand = a dialect from \language\l@british 
))
("C:\Program Files (x86)\MiKTeX 2.9\tex\latex\graphics\graphicx.sty"
Package: graphicx 1999/02/16 v1.0f Enhanced LaTeX Graphics (DPC,SPQR)

("C:\Program Files (x86)\MiKTeX 2.9\tex\latex\graphics\graphics.sty"
Package: graphics 2009/02/05 v1.0o Standard LaTeX Graphics (DPC,SPQR)

("C:\Program Files (x86)\MiKTeX 2.9\tex\latex\graphics\trig.sty"
Package: trig 1999/03/16 v1.09 sin cos tan (DPC)
)
("C:\Program Files (x86)\MiKTeX 2.9\tex\latex\00miktex\graphics.cfg"
File: graphics.cfg 2007/01/18 v1.5 graphics configuration of teTeX/TeXLive
)
Package graphics Info: Driver file: pdftex.def on input line 91.

("C:\Program Files (x86)\MiKTeX 2.9\tex\latex\pdftex-def\pdftex.def"
File: pdftex.def 2011/05/27 v0.06d Graphics/color for pdfTeX

("C:\Program Files (x86)\MiKTeX 2.9\tex\generic\oberdiek\infwarerr.sty"
Package: infwarerr 2010/04/08 v1.3 Providing info/warning/error messages (HO)
)
("C:\Program Files (x86)\MiKTeX 2.9\tex\generic\oberdiek\ltxcmds.sty"
Package: ltxcmds 2011/11/09 v1.22 LaTeX kernel commands for general use (HO)
)
\Gread@gobject=\count89
))
\Gin@req@height=\dimen104
\Gin@req@width=\dimen105
)
(C:\Users\Ram\AppData\Roaming\MiKTeX\2.9\tex\latex\url\url.sty
\Urlmuskip=\muskip10
Package: url 2013/09/16  ver 3.4  Verb mode for urls, etc.
)
(C:\Users\Ram\AppData\Roaming\MiKTeX\2.9\tex\latex\dirtree\dirtree.sty
Package: dirtree 2012/12/11 v0.32 package wrapper for dirtree

(C:\Users\Ram\AppData\Roaming\MiKTeX\2.9\tex\generic\dirtree\dirtree.tex
`dirtree' v0.32, 2012/12/11 (jcc)
\DT@offset=\dimen106
\DT@width=\dimen107
\DT@sep=\dimen108
\DT@all=\dimen109
\DT@rulewidth=\dimen110
\DT@dotwidth=\dimen111
\DTbaselineskip=\dimen112
\DT@counti=\count90
\DT@countii=\count91
\DT@countiii=\count92
\DT@countiv=\count93
\DT@indent=\dimen113
\DT@parskip=\dimen114
\DT@baselineskip=\dimen115
)
File: dirtree.tex 2012/12/11 v0.32 `dirtree' (jcc)
)
("C:\Program Files (x86)\MiKTeX 2.9\tex\latex\graphics\color.sty"
Package: color 2005/11/14 v1.0j Standard LaTeX Color (DPC)

("C:\Program Files (x86)\MiKTeX 2.9\tex\latex\00miktex\color.cfg"
File: color.cfg 2007/01/18 v1.5 color configuration of teTeX/TeXLive
)
Package color Info: Driver file: pdftex.def on input line 130.
)
(C:\Users\Ram\AppData\Roaming\MiKTeX\2.9\tex\latex\listings\listings.sty
\lst@mode=\count94
\lst@gtempboxa=\box27
\lst@token=\toks17
\lst@length=\count95
\lst@currlwidth=\dimen116
\lst@column=\count96
\lst@pos=\count97
\lst@lostspace=\dimen117
\lst@width=\dimen118
\lst@newlines=\count98
\lst@lineno=\count99
\lst@maxwidth=\dimen119

(C:\Users\Ram\AppData\Roaming\MiKTeX\2.9\tex\latex\listings\lstmisc.sty
File: lstmisc.sty 2015/06/04 1.6 (Carsten Heinz)
\c@lstnumber=\count100
\lst@skipnumbers=\count101
\lst@framebox=\box28
)
(C:\Users\Ram\AppData\Roaming\MiKTeX\2.9\tex\latex\listings\listings.cfg
File: listings.cfg 2015/06/04 1.6 listings configuration
))
Package: listings 2015/06/04 1.6 (Carsten Heinz)

("C:\Program Files (x86)\MiKTeX 2.9\tex\latex\caption\caption.sty"
Package: caption 2013/05/02 v3.3-89 Customizing captions (AR)

("C:\Program Files (x86)\MiKTeX 2.9\tex\latex\caption\caption3.sty"
Package: caption3 2013/05/02 v1.6-88 caption3 kernel (AR)
Package caption3 Info: TeX engine: e-TeX on input line 57.
\captionmargin=\dimen120
\captionmargin@=\dimen121
\captionwidth=\dimen122
\caption@tempdima=\dimen123
\caption@indent=\dimen124
\caption@parindent=\dimen125
\caption@hangindent=\dimen126
)
Package caption Info: KOMA-Script document class.
\c@ContinuedFloat=\count102
Package caption Info: listings package is loaded.
)
(C:\Users\Ram\AppData\Roaming\MiKTeX\2.9\tex\latex\pdfpages\pdfpages.sty
Package: pdfpages 2017/01/14 v0.5h Insert pages of external PDF documents (AM)

("C:\Program Files (x86)\MiKTeX 2.9\tex\latex\base\ifthen.sty"
Package: ifthen 2001/05/26 v1.1c Standard LaTeX ifthen package (DPC)
)
("C:\Program Files (x86)\MiKTeX 2.9\tex\latex\tools\calc.sty"
Package: calc 2007/08/22 v4.3 Infix arithmetic (KKT,FJ)
\calc@Acount=\count103
\calc@Bcount=\count104
\calc@Adimen=\dimen127
\calc@Bdimen=\dimen128
\calc@Askip=\skip48
\calc@Bskip=\skip49
LaTeX Info: Redefining \setlength on input line 76.
LaTeX Info: Redefining \addtolength on input line 77.
\calc@Ccount=\count105
\calc@Cskip=\skip50
)
(C:\Users\Ram\AppData\Roaming\MiKTeX\2.9\tex\latex\eso-pic\eso-pic.sty
Package: eso-pic 2015/07/21 v2.0g eso-pic (RN)

("C:\Program Files (x86)\MiKTeX 2.9\tex\generic\oberdiek\atbegshi.sty"
Package: atbegshi 2011/10/05 v1.16 At begin shipout hook (HO)

("C:\Program Files (x86)\MiKTeX 2.9\tex\generic\oberdiek\ifpdf.sty"
Package: ifpdf 2011/01/30 v2.3 Provides the ifpdf switch (HO)
Package ifpdf Info: pdfTeX in PDF mode is detected.
)))
\AM@pagewidth=\dimen129
\AM@pageheight=\dimen130

(C:\Users\Ram\AppData\Roaming\MiKTeX\2.9\tex\latex\pdfpages\pppdftex.def
File: pppdftex.def 2017/01/14 v0.5h Pdfpages driver for pdfTeX (AM)
)
\AM@pagebox=\box29
\AM@global@opts=\toks18
\AM@toc@title=\toks19
\c@AM@survey=\count106
\AM@templatesizebox=\box30
)
(C:\Users\Ram\AppData\Roaming\MiKTeX\2.9\tex\latex\pgfplots\pgfplots.sty
(C:\Users\Ram\AppData\Roaming\MiKTeX\2.9\tex\generic\pgfplots\pgfplots.revision
.tex)
Package: pgfplots 2016/08/10 v1.14 Data Visualization (1.14)

(C:\Users\Ram\AppData\Roaming\MiKTeX\2.9\tex\latex\pgf\frontendlayer\tikz.sty
(C:\Users\Ram\AppData\Roaming\MiKTeX\2.9\tex\latex\pgf\basiclayer\pgf.sty
(C:\Users\Ram\AppData\Roaming\MiKTeX\2.9\tex\latex\pgf\utilities\pgfrcs.sty
(C:\Users\Ram\AppData\Roaming\MiKTeX\2.9\tex\generic\pgf\utilities\pgfutil-comm
on.tex
\pgfutil@everybye=\toks20
\pgfutil@tempdima=\dimen131
\pgfutil@tempdimb=\dimen132

(C:\Users\Ram\AppData\Roaming\MiKTeX\2.9\tex\generic\pgf\utilities\pgfutil-comm
on-lists.tex))
(C:\Users\Ram\AppData\Roaming\MiKTeX\2.9\tex\generic\pgf\utilities\pgfutil-late
x.def
\pgfutil@abb=\box31
 ("C:\Program Files (x86)\MiKTeX 2.9\tex\latex\ms\everyshi.sty"
Package: everyshi 2001/05/15 v3.00 EveryShipout Package (MS)
))
(C:\Users\Ram\AppData\Roaming\MiKTeX\2.9\tex\generic\pgf\utilities\pgfrcs.code.
tex
Package: pgfrcs 2015/08/07 v3.0.1a (rcs-revision 1.31)
))
Package: pgf 2015/08/07 v3.0.1a (rcs-revision 1.15)

(C:\Users\Ram\AppData\Roaming\MiKTeX\2.9\tex\latex\pgf\basiclayer\pgfcore.sty
(C:\Users\Ram\AppData\Roaming\MiKTeX\2.9\tex\latex\pgf\systemlayer\pgfsys.sty
(C:\Users\Ram\AppData\Roaming\MiKTeX\2.9\tex\generic\pgf\systemlayer\pgfsys.cod
e.tex
Package: pgfsys 2014/07/09 v3.0.1a (rcs-revision 1.48)

(C:\Users\Ram\AppData\Roaming\MiKTeX\2.9\tex\generic\pgf\utilities\pgfkeys.code
.tex
\pgfkeys@pathtoks=\toks21
\pgfkeys@temptoks=\toks22

(C:\Users\Ram\AppData\Roaming\MiKTeX\2.9\tex\generic\pgf\utilities\pgfkeysfilte
red.code.tex
\pgfkeys@tmptoks=\toks23
))
\pgf@x=\dimen133
\pgf@y=\dimen134
\pgf@xa=\dimen135
\pgf@ya=\dimen136
\pgf@xb=\dimen137
\pgf@yb=\dimen138
\pgf@xc=\dimen139
\pgf@yc=\dimen140
\w@pgf@writea=\write3
\r@pgf@reada=\read1
\c@pgf@counta=\count107
\c@pgf@countb=\count108
\c@pgf@countc=\count109
\c@pgf@countd=\count110
\t@pgf@toka=\toks24
\t@pgf@tokb=\toks25
\t@pgf@tokc=\toks26

(C:\Users\Ram\AppData\Roaming\MiKTeX\2.9\tex\generic\pgf\systemlayer\pgf.cfg
File: pgf.cfg 2008/05/14  (rcs-revision 1.7)
)
Driver file for pgf: pgfsys-pdftex.def

(C:\Users\Ram\AppData\Roaming\MiKTeX\2.9\tex\generic\pgf\systemlayer\pgfsys-pdf
tex.def
File: pgfsys-pdftex.def 2014/10/11  (rcs-revision 1.35)

(C:\Users\Ram\AppData\Roaming\MiKTeX\2.9\tex\generic\pgf\systemlayer\pgfsys-com
mon-pdf.def
File: pgfsys-common-pdf.def 2013/10/10  (rcs-revision 1.13)
)))
(C:\Users\Ram\AppData\Roaming\MiKTeX\2.9\tex\generic\pgf\systemlayer\pgfsyssoft
path.code.tex
File: pgfsyssoftpath.code.tex 2013/09/09  (rcs-revision 1.9)
\pgfsyssoftpath@smallbuffer@items=\count111
\pgfsyssoftpath@bigbuffer@items=\count112
)
(C:\Users\Ram\AppData\Roaming\MiKTeX\2.9\tex\generic\pgf\systemlayer\pgfsysprot
ocol.code.tex
File: pgfsysprotocol.code.tex 2006/10/16  (rcs-revision 1.4)
))
(C:\Users\Ram\AppData\Roaming\MiKTeX\2.9\tex\latex\xcolor\xcolor.sty
Package: xcolor 2016/05/11 v2.12 LaTeX color extensions (UK)

("C:\Program Files (x86)\MiKTeX 2.9\tex\latex\00miktex\color.cfg"
File: color.cfg 2007/01/18 v1.5 color configuration of teTeX/TeXLive
)
Package xcolor Info: Driver file: pdftex.def on input line 225.
LaTeX Info: Redefining \color on input line 709.
Package xcolor Info: Model `cmy' substituted by `cmy0' on input line 1348.
Package xcolor Info: Model `hsb' substituted by `rgb' on input line 1352.
Package xcolor Info: Model `RGB' extended on input line 1364.
Package xcolor Info: Model `HTML' substituted by `rgb' on input line 1366.
Package xcolor Info: Model `Hsb' substituted by `hsb' on input line 1367.
Package xcolor Info: Model `tHsb' substituted by `hsb' on input line 1368.
Package xcolor Info: Model `HSB' substituted by `hsb' on input line 1369.
Package xcolor Info: Model `Gray' substituted by `gray' on input line 1370.
Package xcolor Info: Model `wave' substituted by `hsb' on input line 1371.
)
(C:\Users\Ram\AppData\Roaming\MiKTeX\2.9\tex\generic\pgf\basiclayer\pgfcore.cod
e.tex
Package: pgfcore 2010/04/11 v3.0.1a (rcs-revision 1.7)

(C:\Users\Ram\AppData\Roaming\MiKTeX\2.9\tex\generic\pgf\math\pgfmath.code.tex
(C:\Users\Ram\AppData\Roaming\MiKTeX\2.9\tex\generic\pgf\math\pgfmathcalc.code.
tex
(C:\Users\Ram\AppData\Roaming\MiKTeX\2.9\tex\generic\pgf\math\pgfmathutil.code.
tex)
(C:\Users\Ram\AppData\Roaming\MiKTeX\2.9\tex\generic\pgf\math\pgfmathparser.cod
e.tex
\pgfmath@dimen=\dimen141
\pgfmath@count=\count113
\pgfmath@box=\box32
\pgfmath@toks=\toks27
\pgfmath@stack@operand=\toks28
\pgfmath@stack@operation=\toks29
)
(C:\Users\Ram\AppData\Roaming\MiKTeX\2.9\tex\generic\pgf\math\pgfmathfunctions.
code.tex
(C:\Users\Ram\AppData\Roaming\MiKTeX\2.9\tex\generic\pgf\math\pgfmathfunctions.
basic.code.tex)
(C:\Users\Ram\AppData\Roaming\MiKTeX\2.9\tex\generic\pgf\math\pgfmathfunctions.
trigonometric.code.tex)
(C:\Users\Ram\AppData\Roaming\MiKTeX\2.9\tex\generic\pgf\math\pgfmathfunctions.
random.code.tex)
(C:\Users\Ram\AppData\Roaming\MiKTeX\2.9\tex\generic\pgf\math\pgfmathfunctions.
comparison.code.tex)
(C:\Users\Ram\AppData\Roaming\MiKTeX\2.9\tex\generic\pgf\math\pgfmathfunctions.
base.code.tex)
(C:\Users\Ram\AppData\Roaming\MiKTeX\2.9\tex\generic\pgf\math\pgfmathfunctions.
round.code.tex)
(C:\Users\Ram\AppData\Roaming\MiKTeX\2.9\tex\generic\pgf\math\pgfmathfunctions.
misc.code.tex)
(C:\Users\Ram\AppData\Roaming\MiKTeX\2.9\tex\generic\pgf\math\pgfmathfunctions.
integerarithmetics.code.tex)))
(C:\Users\Ram\AppData\Roaming\MiKTeX\2.9\tex\generic\pgf\math\pgfmathfloat.code
.tex
\c@pgfmathroundto@lastzeros=\count114
))
(C:\Users\Ram\AppData\Roaming\MiKTeX\2.9\tex\generic\pgf\basiclayer\pgfcorepoin
ts.code.tex
File: pgfcorepoints.code.tex 2013/10/07  (rcs-revision 1.27)
\pgf@picminx=\dimen142
\pgf@picmaxx=\dimen143
\pgf@picminy=\dimen144
\pgf@picmaxy=\dimen145
\pgf@pathminx=\dimen146
\pgf@pathmaxx=\dimen147
\pgf@pathminy=\dimen148
\pgf@pathmaxy=\dimen149
\pgf@xx=\dimen150
\pgf@xy=\dimen151
\pgf@yx=\dimen152
\pgf@yy=\dimen153
\pgf@zx=\dimen154
\pgf@zy=\dimen155
)
(C:\Users\Ram\AppData\Roaming\MiKTeX\2.9\tex\generic\pgf\basiclayer\pgfcorepath
construct.code.tex
File: pgfcorepathconstruct.code.tex 2013/10/07  (rcs-revision 1.29)
\pgf@path@lastx=\dimen156
\pgf@path@lasty=\dimen157
)
(C:\Users\Ram\AppData\Roaming\MiKTeX\2.9\tex\generic\pgf\basiclayer\pgfcorepath
usage.code.tex
File: pgfcorepathusage.code.tex 2014/11/02  (rcs-revision 1.24)
\pgf@shorten@end@additional=\dimen158
\pgf@shorten@start@additional=\dimen159
)
(C:\Users\Ram\AppData\Roaming\MiKTeX\2.9\tex\generic\pgf\basiclayer\pgfcorescop
es.code.tex
File: pgfcorescopes.code.tex 2015/05/08  (rcs-revision 1.46)
\pgfpic=\box33
\pgf@hbox=\box34
\pgf@layerbox@main=\box35
\pgf@picture@serial@count=\count115
)
(C:\Users\Ram\AppData\Roaming\MiKTeX\2.9\tex\generic\pgf\basiclayer\pgfcoregrap
hicstate.code.tex
File: pgfcoregraphicstate.code.tex 2014/11/02  (rcs-revision 1.12)
\pgflinewidth=\dimen160
)
(C:\Users\Ram\AppData\Roaming\MiKTeX\2.9\tex\generic\pgf\basiclayer\pgfcoretran
sformations.code.tex
File: pgfcoretransformations.code.tex 2015/08/07  (rcs-revision 1.20)
\pgf@pt@x=\dimen161
\pgf@pt@y=\dimen162
\pgf@pt@temp=\dimen163
)
(C:\Users\Ram\AppData\Roaming\MiKTeX\2.9\tex\generic\pgf\basiclayer\pgfcorequic
k.code.tex
File: pgfcorequick.code.tex 2008/10/09  (rcs-revision 1.3)
)
(C:\Users\Ram\AppData\Roaming\MiKTeX\2.9\tex\generic\pgf\basiclayer\pgfcoreobje
cts.code.tex
File: pgfcoreobjects.code.tex 2006/10/11  (rcs-revision 1.2)
)
(C:\Users\Ram\AppData\Roaming\MiKTeX\2.9\tex\generic\pgf\basiclayer\pgfcorepath
processing.code.tex
File: pgfcorepathprocessing.code.tex 2013/09/09  (rcs-revision 1.9)
)
(C:\Users\Ram\AppData\Roaming\MiKTeX\2.9\tex\generic\pgf\basiclayer\pgfcorearro
ws.code.tex
File: pgfcorearrows.code.tex 2015/05/14  (rcs-revision 1.43)
\pgfarrowsep=\dimen164
)
(C:\Users\Ram\AppData\Roaming\MiKTeX\2.9\tex\generic\pgf\basiclayer\pgfcoreshad
e.code.tex
File: pgfcoreshade.code.tex 2013/07/15  (rcs-revision 1.15)
\pgf@max=\dimen165
\pgf@sys@shading@range@num=\count116
)
(C:\Users\Ram\AppData\Roaming\MiKTeX\2.9\tex\generic\pgf\basiclayer\pgfcoreimag
e.code.tex
File: pgfcoreimage.code.tex 2013/07/15  (rcs-revision 1.18)

(C:\Users\Ram\AppData\Roaming\MiKTeX\2.9\tex\generic\pgf\basiclayer\pgfcoreexte
rnal.code.tex
File: pgfcoreexternal.code.tex 2014/07/09  (rcs-revision 1.21)
\pgfexternal@startupbox=\box36
))
(C:\Users\Ram\AppData\Roaming\MiKTeX\2.9\tex\generic\pgf\basiclayer\pgfcorelaye
rs.code.tex
File: pgfcorelayers.code.tex 2013/07/18  (rcs-revision 1.7)
)
(C:\Users\Ram\AppData\Roaming\MiKTeX\2.9\tex\generic\pgf\basiclayer\pgfcoretran
sparency.code.tex
File: pgfcoretransparency.code.tex 2013/09/30  (rcs-revision 1.5)
)
(C:\Users\Ram\AppData\Roaming\MiKTeX\2.9\tex\generic\pgf\basiclayer\pgfcorepatt
erns.code.tex
File: pgfcorepatterns.code.tex 2013/11/07  (rcs-revision 1.5)
)))
(C:\Users\Ram\AppData\Roaming\MiKTeX\2.9\tex\generic\pgf\modules\pgfmoduleshape
s.code.tex
File: pgfmoduleshapes.code.tex 2014/03/21  (rcs-revision 1.35)
\pgfnodeparttextbox=\box37
)
(C:\Users\Ram\AppData\Roaming\MiKTeX\2.9\tex\generic\pgf\modules\pgfmoduleplot.
code.tex
File: pgfmoduleplot.code.tex 2015/08/03  (rcs-revision 1.13)
)
(C:\Users\Ram\AppData\Roaming\MiKTeX\2.9\tex\latex\pgf\compatibility\pgfcomp-ve
rsion-0-65.sty
Package: pgfcomp-version-0-65 2007/07/03 v3.0.1a (rcs-revision 1.7)
\pgf@nodesepstart=\dimen166
\pgf@nodesepend=\dimen167
)
(C:\Users\Ram\AppData\Roaming\MiKTeX\2.9\tex\latex\pgf\compatibility\pgfcomp-ve
rsion-1-18.sty
Package: pgfcomp-version-1-18 2007/07/23 v3.0.1a (rcs-revision 1.1)
))
(C:\Users\Ram\AppData\Roaming\MiKTeX\2.9\tex\latex\pgf\utilities\pgffor.sty
(C:\Users\Ram\AppData\Roaming\MiKTeX\2.9\tex\latex\pgf\utilities\pgfkeys.sty
(C:\Users\Ram\AppData\Roaming\MiKTeX\2.9\tex\generic\pgf\utilities\pgfkeys.code
.tex)) (C:\Users\Ram\AppData\Roaming\MiKTeX\2.9\tex\latex\pgf\math\pgfmath.sty
(C:\Users\Ram\AppData\Roaming\MiKTeX\2.9\tex\generic\pgf\math\pgfmath.code.tex)
)
(C:\Users\Ram\AppData\Roaming\MiKTeX\2.9\tex\generic\pgf\utilities\pgffor.code.
tex
Package: pgffor 2013/12/13 v3.0.1a (rcs-revision 1.25)

(C:\Users\Ram\AppData\Roaming\MiKTeX\2.9\tex\generic\pgf\math\pgfmath.code.tex)
\pgffor@iter=\dimen168
\pgffor@skip=\dimen169
\pgffor@stack=\toks30
\pgffor@toks=\toks31
))
(C:\Users\Ram\AppData\Roaming\MiKTeX\2.9\tex\generic\pgf\frontendlayer\tikz\tik
z.code.tex
Package: tikz 2015/08/07 v3.0.1a (rcs-revision 1.151)

(C:\Users\Ram\AppData\Roaming\MiKTeX\2.9\tex\generic\pgf\libraries\pgflibrarypl
othandlers.code.tex
File: pgflibraryplothandlers.code.tex 2013/08/31 v3.0.1a (rcs-revision 1.20)
\pgf@plot@mark@count=\count117
\pgfplotmarksize=\dimen170
)
\tikz@lastx=\dimen171
\tikz@lasty=\dimen172
\tikz@lastxsaved=\dimen173
\tikz@lastysaved=\dimen174
\tikzleveldistance=\dimen175
\tikzsiblingdistance=\dimen176
\tikz@figbox=\box38
\tikz@figbox@bg=\box39
\tikz@tempbox=\box40
\tikz@tempbox@bg=\box41
\tikztreelevel=\count118
\tikznumberofchildren=\count119
\tikznumberofcurrentchild=\count120
\tikz@fig@count=\count121

(C:\Users\Ram\AppData\Roaming\MiKTeX\2.9\tex\generic\pgf\modules\pgfmodulematri
x.code.tex
File: pgfmodulematrix.code.tex 2013/09/17  (rcs-revision 1.8)
\pgfmatrixcurrentrow=\count122
\pgfmatrixcurrentcolumn=\count123
\pgf@matrix@numberofcolumns=\count124
)
\tikz@expandcount=\count125

(C:\Users\Ram\AppData\Roaming\MiKTeX\2.9\tex\generic\pgf\frontendlayer\tikz\lib
raries\tikzlibrarytopaths.code.tex
File: tikzlibrarytopaths.code.tex 2008/06/17 v3.0.1a (rcs-revision 1.2)
)))
(C:\Users\Ram\AppData\Roaming\MiKTeX\2.9\tex\generic\pgfplots\pgfplots.code.tex

(C:\Users\Ram\AppData\Roaming\MiKTeX\2.9\tex\generic\pgfplots\pgfplotscore.code
.tex
\t@pgfplots@toka=\toks32
\t@pgfplots@tokb=\toks33
\t@pgfplots@tokc=\toks34
\pgfplots@tmpa=\dimen177
\c@pgfplots@coordindex=\count126
\c@pgfplots@scanlineindex=\count127

(C:\Users\Ram\AppData\Roaming\MiKTeX\2.9\tex\generic\pgfplots\sys\pgfplotssysge
neric.code.tex))
(C:\Users\Ram\AppData\Roaming\MiKTeX\2.9\tex\generic\pgfplots\libs\pgfplotslibr
ary.code.tex)
(C:\Users\Ram\AppData\Roaming\MiKTeX\2.9\tex\generic\pgfplots\oldpgfcompatib\pg
fplotsoldpgfsupp_loader.code.tex
(C:\Users\Ram\AppData\Roaming\MiKTeX\2.9\tex\generic\pgf\libraries\pgflibraryfp
u.code.tex)
Package pgfplots: loading complementary arithmetics for your pgf version...

(C:\Users\Ram\AppData\Roaming\MiKTeX\2.9\tex\generic\pgfplots\oldpgfcompatib\pg
fplotsoldpgfsupp_pgflibraryfpu.code.tex)
(C:\Users\Ram\AppData\Roaming\MiKTeX\2.9\tex\generic\pgfplots\oldpgfcompatib\pg
fplotsoldpgfsupp_pgfmathfloat.code.tex
\c@pgfmathroundto@lastzeros=\count128
))
(C:\Users\Ram\AppData\Roaming\MiKTeX\2.9\tex\generic\pgfplots\util\pgfplotsutil
.code.tex
(C:\Users\Ram\AppData\Roaming\MiKTeX\2.9\tex\generic\pgfplots\liststructure\pgf
plotsliststructure.code.tex)
(C:\Users\Ram\AppData\Roaming\MiKTeX\2.9\tex\generic\pgfplots\liststructure\pgf
plotsliststructureext.code.tex)
(C:\Users\Ram\AppData\Roaming\MiKTeX\2.9\tex\generic\pgfplots\liststructure\pgf
plotsarray.code.tex
\c@pgfplotsarray@tmp=\count129
)
(C:\Users\Ram\AppData\Roaming\MiKTeX\2.9\tex\generic\pgfplots\liststructure\pgf
plotsmatrix.code.tex)
(C:\Users\Ram\AppData\Roaming\MiKTeX\2.9\tex\generic\pgfplots\numtable\pgfplots
tableshared.code.tex
\c@pgfplotstable@counta=\count130
\t@pgfplotstable@a=\toks35
)
(C:\Users\Ram\AppData\Roaming\MiKTeX\2.9\tex\generic\pgfplots\liststructure\pgf
plotsdeque.code.tex)
(C:\Users\Ram\AppData\Roaming\MiKTeX\2.9\tex\generic\pgfplots\util\pgfplotsbina
ry.code.tex
(C:\Users\Ram\AppData\Roaming\MiKTeX\2.9\tex\generic\pgfplots\util\pgfplotsbina
ry.data.code.tex))
(C:\Users\Ram\AppData\Roaming\MiKTeX\2.9\tex\generic\pgfplots\util\pgfplotsutil
.verb.code.tex)
(C:\Users\Ram\AppData\Roaming\MiKTeX\2.9\tex\generic\pgfplots\libs\pgflibrarypg
fplots.surfshading.code.tex
\c@pgfplotslibrarysurf@no=\count131

(C:\Users\Ram\AppData\Roaming\MiKTeX\2.9\tex\generic\pgfplots\sys\pgflibrarypgf
plots.surfshading.pgfsys-pdftex.def)))
(C:\Users\Ram\AppData\Roaming\MiKTeX\2.9\tex\generic\pgfplots\util\pgfplotscolo
rmap.code.tex
(C:\Users\Ram\AppData\Roaming\MiKTeX\2.9\tex\generic\pgfplots\util\pgfplotscolo
r.code.tex))
(C:\Users\Ram\AppData\Roaming\MiKTeX\2.9\tex\generic\pgfplots\pgfplotsstackedpl
ots.code.tex)
(C:\Users\Ram\AppData\Roaming\MiKTeX\2.9\tex\generic\pgfplots\pgfplotsplothandl
ers.code.tex
(C:\Users\Ram\AppData\Roaming\MiKTeX\2.9\tex\generic\pgfplots\pgfplotsmeshploth
andler.code.tex
(C:\Users\Ram\AppData\Roaming\MiKTeX\2.9\tex\generic\pgfplots\pgfplotsmeshploti
mage.code.tex)))
(C:\Users\Ram\AppData\Roaming\MiKTeX\2.9\tex\generic\pgfplots\pgfplots.scaling.
code.tex)
(C:\Users\Ram\AppData\Roaming\MiKTeX\2.9\tex\generic\pgfplots\pgfplotscoordproc
essing.code.tex)
(C:\Users\Ram\AppData\Roaming\MiKTeX\2.9\tex\generic\pgfplots\pgfplots.errorbar
s.code.tex)
(C:\Users\Ram\AppData\Roaming\MiKTeX\2.9\tex\generic\pgfplots\pgfplots.markers.
code.tex)
(C:\Users\Ram\AppData\Roaming\MiKTeX\2.9\tex\generic\pgfplots\pgfplotsticks.cod
e.tex)
(C:\Users\Ram\AppData\Roaming\MiKTeX\2.9\tex\generic\pgfplots\pgfplots.paths.co
de.tex)
(C:\Users\Ram\AppData\Roaming\MiKTeX\2.9\tex\generic\pgf\frontendlayer\tikz\lib
raries\tikzlibrarydecorations.code.tex
(C:\Users\Ram\AppData\Roaming\MiKTeX\2.9\tex\generic\pgf\modules\pgfmoduledecor
ations.code.tex
\pgfdecoratedcompleteddistance=\dimen178
\pgfdecoratedremainingdistance=\dimen179
\pgfdecoratedinputsegmentcompleteddistance=\dimen180
\pgfdecoratedinputsegmentremainingdistance=\dimen181
\pgf@decorate@distancetomove=\dimen182
\pgf@decorate@repeatstate=\count132
\pgfdecorationsegmentamplitude=\dimen183
\pgfdecorationsegmentlength=\dimen184
)
\tikz@lib@dec@box=\box42
)
(C:\Users\Ram\AppData\Roaming\MiKTeX\2.9\tex\generic\pgf\frontendlayer\tikz\lib
raries\tikzlibrarydecorations.pathmorphing.code.tex
(C:\Users\Ram\AppData\Roaming\MiKTeX\2.9\tex\generic\pgf\libraries\decorations\
pgflibrarydecorations.pathmorphing.code.tex))
(C:\Users\Ram\AppData\Roaming\MiKTeX\2.9\tex\generic\pgf\frontendlayer\tikz\lib
raries\tikzlibrarydecorations.pathreplacing.code.tex
(C:\Users\Ram\AppData\Roaming\MiKTeX\2.9\tex\generic\pgf\libraries\decorations\
pgflibrarydecorations.pathreplacing.code.tex))
\pgfplots@numplots=\count133
\pgfplots@xmin@reg=\dimen185
\pgfplots@xmax@reg=\dimen186
\pgfplots@ymin@reg=\dimen187
\pgfplots@ymax@reg=\dimen188
\pgfplots@zmin@reg=\dimen189
\pgfplots@zmax@reg=\dimen190
)
(C:\Users\Ram\AppData\Roaming\MiKTeX\2.9\tex\generic\pgf\frontendlayer\tikz\lib
raries\tikzlibraryplotmarks.code.tex
File: tikzlibraryplotmarks.code.tex 2008/01/09 v3.0.1a (rcs-revision 1.1)

(C:\Users\Ram\AppData\Roaming\MiKTeX\2.9\tex\generic\pgf\libraries\pgflibrarypl
otmarks.code.tex
File: pgflibraryplotmarks.code.tex 2015/08/03 v3.0.1a (rcs-revision 1.14)
)))
("C:\Program Files (x86)\MiKTeX 2.9\tex\latex\hyperref\hyperref.sty"
Package: hyperref 2012/11/06 v6.83m Hypertext links for LaTeX

("C:\Program Files (x86)\MiKTeX 2.9\tex\generic\oberdiek\hobsub-hyperref.sty"
Package: hobsub-hyperref 2012/04/25 v1.12 Bundle oberdiek, subset hyperref (HO)


("C:\Program Files (x86)\MiKTeX 2.9\tex\generic\oberdiek\hobsub-generic.sty"
Package: hobsub-generic 2012/04/25 v1.12 Bundle oberdiek, subset generic (HO)
Package: hobsub 2012/04/25 v1.12 Construct package bundles (HO)
Package hobsub Info: Skipping package `infwarerr' (already loaded).
Package hobsub Info: Skipping package `ltxcmds' (already loaded).
Package: ifluatex 2010/03/01 v1.3 Provides the ifluatex switch (HO)
Package ifluatex Info: LuaTeX not detected.
Package: ifvtex 2010/03/01 v1.5 Detect VTeX and its facilities (HO)
Package ifvtex Info: VTeX not detected.
Package: intcalc 2007/09/27 v1.1 Expandable calculations with integers (HO)
Package hobsub Info: Skipping package `ifpdf' (already loaded).
Package: etexcmds 2011/02/16 v1.5 Avoid name clashes with e-TeX commands (HO)
Package etexcmds Info: Could not find \expanded.
(etexcmds)             That can mean that you are not using pdfTeX 1.50 or
(etexcmds)             that some package has redefined \expanded.
(etexcmds)             In the latter case, load this package earlier.
Package: kvsetkeys 2012/04/25 v1.16 Key value parser (HO)
Package: kvdefinekeys 2011/04/07 v1.3 Define keys (HO)
Package: pdftexcmds 2011/11/29 v0.20 Utility functions of pdfTeX for LuaTeX (HO
)
Package pdftexcmds Info: LuaTeX not detected.
Package pdftexcmds Info: \pdf@primitive is available.
Package pdftexcmds Info: \pdf@ifprimitive is available.
Package pdftexcmds Info: \pdfdraftmode found.
Package: pdfescape 2011/11/25 v1.13 Implements pdfTeX's escape features (HO)
Package: bigintcalc 2012/04/08 v1.3 Expandable calculations on big integers (HO
)
Package: bitset 2011/01/30 v1.1 Handle bit-vector datatype (HO)
Package: uniquecounter 2011/01/30 v1.2 Provide unlimited unique counter (HO)
)
Package hobsub Info: Skipping package `hobsub' (already loaded).
Package: letltxmacro 2010/09/02 v1.4 Let assignment for LaTeX macros (HO)
Package: hopatch 2011/06/24 v1.1 Wrapper for package hooks (HO)
Package: xcolor-patch 2011/01/30 xcolor patch
Package: atveryend 2011/06/30 v1.8 Hooks at the very end of document (HO)
Package atveryend Info: \enddocument detected (standard20110627).
Package hobsub Info: Skipping package `atbegshi' (already loaded).
Package: refcount 2011/10/16 v3.4 Data extraction from label references (HO)
Package: hycolor 2011/01/30 v1.7 Color options for hyperref/bookmark (HO)
)
("C:\Program Files (x86)\MiKTeX 2.9\tex\generic\ifxetex\ifxetex.sty"
Package: ifxetex 2010/09/12 v0.6 Provides ifxetex conditional
)
("C:\Program Files (x86)\MiKTeX 2.9\tex\latex\oberdiek\auxhook.sty"
Package: auxhook 2011/03/04 v1.3 Hooks for auxiliary files (HO)
)
("C:\Program Files (x86)\MiKTeX 2.9\tex\latex\oberdiek\kvoptions.sty"
Package: kvoptions 2011/06/30 v3.11 Key value format for package options (HO)
)
\@linkdim=\dimen191
\Hy@linkcounter=\count134
\Hy@pagecounter=\count135

("C:\Program Files (x86)\MiKTeX 2.9\tex\latex\hyperref\pd1enc.def"
File: pd1enc.def 2012/11/06 v6.83m Hyperref: PDFDocEncoding definition (HO)
Now handling font encoding PD1 ...
... no UTF-8 mapping file for font encoding PD1
)
\Hy@SavedSpaceFactor=\count136

("C:\Program Files (x86)\MiKTeX 2.9\tex\latex\00miktex\hyperref.cfg"
File: hyperref.cfg 2002/06/06 v1.2 hyperref configuration of TeXLive
)
Package hyperref Info: Hyper figures OFF on input line 4443.
Package hyperref Info: Link nesting OFF on input line 4448.
Package hyperref Info: Hyper index ON on input line 4451.
Package hyperref Info: Plain pages OFF on input line 4458.
Package hyperref Info: Backreferencing OFF on input line 4463.
Package hyperref Info: Implicit mode ON; LaTeX internals redefined.
Package hyperref Info: Bookmarks ON on input line 4688.
\c@Hy@tempcnt=\count137
LaTeX Info: Redefining \url on input line 5041.
\XeTeXLinkMargin=\dimen192
\Fld@menulength=\count138
\Field@Width=\dimen193
\Fld@charsize=\dimen194
Package hyperref Info: Hyper figures OFF on input line 6295.
Package hyperref Info: Link nesting OFF on input line 6300.
Package hyperref Info: Hyper index ON on input line 6303.
Package hyperref Info: backreferencing OFF on input line 6310.
Package hyperref Info: Link coloring OFF on input line 6315.
Package hyperref Info: Link coloring with OCG OFF on input line 6320.
Package hyperref Info: PDF/A mode OFF on input line 6325.
LaTeX Info: Redefining \ref on input line 6365.
LaTeX Info: Redefining \pageref on input line 6369.
\Hy@abspage=\count139
\c@Item=\count140
\c@Hfootnote=\count141
)

Package hyperref Message: Driver (autodetected): hpdftex.

("C:\Program Files (x86)\MiKTeX 2.9\tex\latex\hyperref\hpdftex.def"
File: hpdftex.def 2012/11/06 v6.83m Hyperref driver for pdfTeX
\Fld@listcount=\count142
\c@bookmark@seq@number=\count143

("C:\Program Files (x86)\MiKTeX 2.9\tex\latex\oberdiek\rerunfilecheck.sty"
Package: rerunfilecheck 2011/04/15 v1.7 Rerun checks for auxiliary files (HO)
Package uniquecounter Info: New unique counter `rerunfilecheck' on input line 2
82.
)
\Hy@SectionHShift=\skip51
)
Package hyperref Info: Option `colorlinks' set `true' on input line 26.

("C:\Program Files (x86)\MiKTeX 2.9\tex\latex\tools\afterpage.sty"
Package: afterpage 1995/10/27 v1.08 After-Page Package (DPC)
\AP@output=\toks36
\AP@partial=\box43
\AP@footins=\box44
)

Class scrartcl Warning: Usage of package `fancyhdr' together
(scrartcl)              with a KOMA-Script class is not recommended.
(scrartcl)              I'd suggest to use 
(scrartcl)              package `scrlayer-scrpage'.
(scrartcl)              Nevertheless, using requested
(scrartcl)              package `fancyhdr' on input line 41.

("C:\Program Files (x86)\MiKTeX 2.9\tex\latex\fancyhdr\fancyhdr.sty"
\fancy@headwidth=\skip52
\f@ncyO@elh=\skip53
\f@ncyO@erh=\skip54
\f@ncyO@olh=\skip55
\f@ncyO@orh=\skip56
\f@ncyO@elf=\skip57
\f@ncyO@erf=\skip58
\f@ncyO@olf=\skip59
\f@ncyO@orf=\skip60
)
LaTeX Font Info:    Try loading font information for OT1+pcr on input line 51.

("C:\Program Files (x86)\MiKTeX 2.9\tex\latex\psnfss\ot1pcr.fd"
File: ot1pcr.fd 2001/06/04 font definitions for OT1/pcr.
)
Package scrkbase Info: You've told me to redefine the font selection of the
(scrkbase)             element `sectioning' that is an alias of element
(scrkbase)             `disposition' on input line 55.

("D:\Master Thesis\Thesis\Report\seminar-template.aux")
LaTeX Font Info:    Checking defaults for OML/cmm/m/it on input line 77.
LaTeX Font Info:    ... okay on input line 77.
LaTeX Font Info:    Checking defaults for T1/cmr/m/n on input line 77.
LaTeX Font Info:    ... okay on input line 77.
LaTeX Font Info:    Checking defaults for OT1/cmr/m/n on input line 77.
LaTeX Font Info:    ... okay on input line 77.
LaTeX Font Info:    Checking defaults for OMS/cmsy/m/n on input line 77.
LaTeX Font Info:    ... okay on input line 77.
LaTeX Font Info:    Checking defaults for OMX/cmex/m/n on input line 77.
LaTeX Font Info:    ... okay on input line 77.
LaTeX Font Info:    Checking defaults for U/cmr/m/n on input line 77.
LaTeX Font Info:    ... okay on input line 77.
LaTeX Font Info:    Checking defaults for PD1/pdf/m/n on input line 77.
LaTeX Font Info:    ... okay on input line 77.
LaTeX Font Info:    Try loading font information for OT1+lmr on input line 77.

("C:\Program Files (x86)\MiKTeX 2.9\tex\latex\lm\ot1lmr.fd"
File: ot1lmr.fd 2009/10/30 v1.6 Font defs for Latin Modern
)
("C:\Program Files (x86)\MiKTeX 2.9\tex\context\base\supp-pdf.mkii"
[Loading MPS to PDF converter (version 2006.09.02).]
\scratchcounter=\count144
\scratchdimen=\dimen195
\scratchbox=\box45
\nofMPsegments=\count145
\nofMParguments=\count146
\everyMPshowfont=\toks37
\MPscratchCnt=\count147
\MPscratchDim=\dimen196
\MPnumerator=\count148
\makeMPintoPDFobject=\count149
\everyMPtoPDFconversion=\toks38
)
\c@lstlisting=\count150
Package caption Info: Begin \AtBeginDocument code.
Package caption Info: hyperref package is loaded.
Package caption Info: End \AtBeginDocument code.
\AtBeginShipoutBox=\box46
 ("C:\Program Files (x86)\MiKTeX 2.9\tex\latex\oberdiek\pdflscape.sty"
Package: pdflscape 2008/08/11 v0.10 Display of landscape pages in PDF (HO)

("C:\Program Files (x86)\MiKTeX 2.9\tex\latex\graphics\lscape.sty"
Package: lscape 2000/10/22 v3.01 Landscape Pages (DPC)
)
Package pdflscape Info: Auto-detected driver: pdftex on input line 80.
)
ABD: EveryShipout initializing macros

Package pgfplots Warning: running in backwards compatibility mode (unsuitable t
ick labels; missing features). Consider writing \pgfplotsset{compat=1.14} into 
your preamble.
 on input line 77.

Package hyperref Info: Link coloring ON on input line 77.
("C:\Program Files (x86)\MiKTeX 2.9\tex\latex\hyperref\nameref.sty"
Package: nameref 2012/10/27 v2.43 Cross-referencing by name of section

("C:\Program Files (x86)\MiKTeX 2.9\tex\generic\oberdiek\gettitlestring.sty"
Package: gettitlestring 2010/12/03 v1.4 Cleanup title references (HO)
)
\c@section@level=\count151
)
LaTeX Info: Redefining \ref on input line 77.
LaTeX Info: Redefining \pageref on input line 77.
LaTeX Info: Redefining \nameref on input line 77.

("D:\Master Thesis\Thesis\Report\seminar-template.out")
("D:\Master Thesis\Thesis\Report\seminar-template.out")
\@outlinefile=\write4
LaTeX Font Info:    Try loading font information for OML+lmm on input line 81.

("C:\Program Files (x86)\MiKTeX 2.9\tex\latex\lm\omllmm.fd"
File: omllmm.fd 2009/10/30 v1.6 Font defs for Latin Modern
)
LaTeX Font Info:    Try loading font information for OMS+lmsy on input line 81.


("C:\Program Files (x86)\MiKTeX 2.9\tex\latex\lm\omslmsy.fd"
File: omslmsy.fd 2009/10/30 v1.6 Font defs for Latin Modern
)
LaTeX Font Info:    Try loading font information for OMX+lmex on input line 81.


("C:\Program Files (x86)\MiKTeX 2.9\tex\latex\lm\omxlmex.fd"
File: omxlmex.fd 2009/10/30 v1.6 Font defs for Latin Modern
)
LaTeX Font Info:    External font `lmex10' loaded for size
(Font)              <17.28> on input line 81.
LaTeX Font Info:    External font `lmex10' loaded for size
(Font)              <12> on input line 81.
LaTeX Font Info:    External font `lmex10' loaded for size
(Font)              <10> on input line 81.
 [1

{C:/Users/Ram/AppData/Local/MiKTeX/2.9/pdftex/config/pdftex.map}] [2] [3] [4]
("D:\Master Thesis\Thesis\Report\seminar-template.toc"
LaTeX Font Info:    External font `lmex10' loaded for size
(Font)              <8> on input line 4.
LaTeX Font Info:    External font `lmex10' loaded for size
(Font)              <6> on input line 4.
)
\tf@toc=\write5
 [5] [6]
("D:\Master Thesis\Thesis\Report\seminar-template.lof"
LaTeX Font Info:    Try loading font information for OT1+lmss on input line 4.

("C:\Program Files (x86)\MiKTeX 2.9\tex\latex\lm\ot1lmss.fd"
File: ot1lmss.fd 2009/10/30 v1.6 Font defs for Latin Modern
)
LaTeX Font Info:    Font shape `OT1/lmss/m/it' in size <12> not available
(Font)              Font shape `OT1/lmss/m/sl' tried instead on input line 4.
)
\tf@lof=\write6
 [7] [8]
<./Figures/CI-workflow.pdf, id=263, 845.55902pt x 598.03424pt>
File: ./Figures/CI-workflow.pdf Graphic file (type pdf)

<use ./Figures/CI-workflow.pdf>
Package pdftex.def Info: ./Figures/CI-workflow.pdf used on input line 125.
(pdftex.def)             Requested size: 498.8755pt x 319.2632pt.

Overfull \hbox (24.90288pt too wide) in paragraph at lines 124--126
 []|  [] 
 []

[9] [10 <D:/Master Thesis/Thesis/Report/Figures/CI-workflow.pdf>]
<./Figures/ExpVsConc.pdf, id=314, 845.55902pt x 598.03424pt>
File: ./Figures/ExpVsConc.pdf Graphic file (type pdf)

<use ./Figures/ExpVsConc.pdf>
Package pdftex.def Info: ./Figures/ExpVsConc.pdf used on input line 137.
(pdftex.def)             Requested size: 607.35265pt x 256.54617pt.

Overfull \hbox (159.2217pt too wide) in paragraph at lines 137--138
 [][] 
 []


Underfull \hbox (badness 10000) in paragraph at lines 143--149

 []

[11 <D:/Master Thesis/Thesis/Report/Figures/ExpVsConc.pdf>] [12] [13]
Overfull \hbox (6.79999pt too wide) in paragraph at lines 178--184
[] 
 []

[14]
LaTeX Font Info:    Try loading font information for OMS+lmr on input line 191.

 ("C:\Program Files (x86)\MiKTeX 2.9\tex\latex\lm\omslmr.fd"
File: omslmr.fd 2009/10/30 v1.6 Font defs for Latin Modern
)
LaTeX Font Info:    Font shape `OMS/lmr/m/n' in size <12> not available
(Font)              Font shape `OMS/lmsy/m/n' tried instead on input line 191.
LaTeX Font Info:    Try loading font information for OML+lmr on input line 192.


("C:\Program Files (x86)\MiKTeX 2.9\tex\latex\lm\omllmr.fd"
File: omllmr.fd 2009/10/30 v1.6 Font defs for Latin Modern
)
LaTeX Font Info:    Font shape `OML/lmr/m/it' in size <12> not available
(Font)              Font shape `OML/lmm/m/it' tried instead on input line 192.
 [15]
(C:\Users\Ram\AppData\Roaming\MiKTeX\2.9\tex\latex\listings\lstlang1.sty
File: lstlang1.sty 2015/06/04 1.6 listings language file
)
LaTeX Font Info:    Try loading font information for OMS+pcr on input line 211.


("C:\Program Files (x86)\MiKTeX 2.9\tex\latex\psnfss\omspcr.fd"
File: omspcr.fd 
)
LaTeX Font Info:    Font shape `OMS/pcr/m/n' in size <10.95> not available
(Font)              Font shape `OMS/cmsy/m/n' tried instead on input line 211.
LaTeX Font Info:    External font `lmex10' loaded for size
(Font)              <10.95> on input line 233.
 [16]
<./Figures/AR.png, id=448, 269.20575pt x 104.18925pt>
File: ./Figures/AR.png Graphic file (type png)
 <use ./Figures/AR.png>
Package pdftex.def Info: ./Figures/AR.png used on input line 253.
(pdftex.def)             Requested size: 266.5145pt x 103.14766pt.

[17 <D:/Master Thesis/Thesis/Report/Figures/AR.png>] [18]
Underfull \hbox (badness 10000) in paragraph at lines 268--269

 []


Underfull \hbox (badness 10000) in paragraph at lines 271--272

 []


Underfull \hbox (badness 10000) in paragraph at lines 277--278

 []

[19] [20] <./Figures/SDE-Chart.pdf, id=504, 845.55902pt x 598.03424pt>
File: ./Figures/SDE-Chart.pdf Graphic file (type pdf)

<use ./Figures/SDE-Chart.pdf>
Package pdftex.def Info: ./Figures/SDE-Chart.pdf used on input line 308.
(pdftex.def)             Requested size: 507.33932pt x 358.8233pt.

Overfull \hbox (47.59308pt too wide) in paragraph at lines 307--309
 []|  [] 
 []

[21]
Underfull \hbox (badness 10000) in paragraph at lines 316--317

 []

[22 <D:/Master Thesis/Thesis/Report/Figures/SDE-Chart.pdf>]
LaTeX Font Info:    Try loading font information for OT1+lmtt on input line 344
.

("C:\Program Files (x86)\MiKTeX 2.9\tex\latex\lm\ot1lmtt.fd"
File: ot1lmtt.fd 2009/10/30 v1.6 Font defs for Latin Modern
)
Overfull \hbox (6.79999pt too wide) in paragraph at lines 333--345
[] 
 []


LaTeX Warning: `h' float specifier changed to `ht'.


Overfull \hbox (6.79999pt too wide) in paragraph at lines 349--371
[] 
 []

[23] [24] <./Figures/Gitflow-Workflow.pdf, id=583, 845.55902pt x 598.03424pt>
File: ./Figures/Gitflow-Workflow.pdf Graphic file (type pdf)

<use ./Figures/Gitflow-Workflow.pdf>
Package pdftex.def Info: ./Figures/Gitflow-Workflow.pdf used on input line 381.

(pdftex.def)             Requested size: 448.13095pt x 241.55719pt.

Underfull \hbox (badness 10000) in paragraph at lines 390--393

 []

[25 <D:/Master Thesis/Thesis/Report/Figures/Gitflow-Workflow.pdf>]
Overfull \hbox (6.79999pt too wide) in paragraph at lines 398--440
[] 
 []

(C:\Users\Ram\AppData\Roaming\MiKTeX\2.9\tex\latex\listings\lstlang1.sty
File: lstlang1.sty 2015/06/04 1.6 listings language file
)
(C:\Users\Ram\AppData\Roaming\MiKTeX\2.9\tex\latex\listings\lstlang2.sty
File: lstlang2.sty 2015/06/04 1.6 listings language file
)
(C:\Users\Ram\AppData\Roaming\MiKTeX\2.9\tex\latex\listings\lstmisc.sty
File: lstmisc.sty 2015/06/04 1.6 (Carsten Heinz)
)

Package Listings Warning: Text dropped after begin of listing on input line 450
.

LaTeX Font Info:    Font shape `OMS/lmr/m/n' in size <8> not available
(Font)              Font shape `OMS/lmsy/m/n' tried instead on input line 455.
LaTeX Font Info:    External font `lmex10' loaded for size
(Font)              <5> on input line 472.

Package Listings Warning: Text dropped after begin of listing on input line 483
.


Underfull \hbox (badness 1931) in paragraph at lines 510--510
[][][]|\OT1/lmr/m/n/12 Make-file for 'aoc-sApFw' Con-
 []

[26] [27] [28]
Underfull \hbox (badness 10000) in paragraph at lines 518--520

 []

(C:\Users\Ram\AppData\Roaming\MiKTeX\2.9\tex\latex\listings\lstlang1.sty
File: lstlang1.sty 2015/06/04 1.6 listings language file
)
(C:\Users\Ram\AppData\Roaming\MiKTeX\2.9\tex\latex\listings\lstmisc.sty
File: lstmisc.sty 2015/06/04 1.6 (Carsten Heinz)
)

Package Listings Warning: Text dropped after begin of listing on input line 532
.

LaTeX Font Info:    Font shape `OML/lmr/m/n' in size <8> not available
(Font)              Font shape `OML/lmm/m/it' tried instead on input line 533.
[29] [30] [31]
LaTeX Font Info:    Font shape `OMS/pcr/m/n' in size <8> not available
(Font)              Font shape `OMS/cmsy/m/n' tried instead on input line 600.
 [32]
Underfull \hbox (badness 10000) in paragraph at lines 638--639

 []


Overfull \hbox (6.79999pt too wide) in paragraph at lines 643--675
[] 
 []


Underfull \hbox (badness 1087) in paragraph at lines 675--675
[][][]|\OT1/lmr/m/n/12 An ex-cerpt of the AS400 Pro-duc-tion Repos-i-tory Struc
-ture con-tain-ing
 []

LaTeX Font Info:    Try loading font information for OML+pcr on input line 708.

("C:\Program Files (x86)\MiKTeX 2.9\tex\latex\psnfss\omlpcr.fd"
File: omlpcr.fd 
)
LaTeX Font Info:    Font shape `OML/pcr/m/n' in size <8> not available
(Font)              Font shape `OML/cmm/m/it' tried instead on input line 708.
 [33] [34]
[35]

Package Listings Warning: Text dropped after begin of listing on input line 788
.

[36] [37] [38]
<./Figures/Jenkins-Master-Slave.pdf, id=941, 845.55902pt x 598.03424pt>
File: ./Figures/Jenkins-Master-Slave.pdf Graphic file (type pdf)

<use ./Figures/Jenkins-Master-Slave.pdf>
Package pdftex.def Info: ./Figures/Jenkins-Master-Slave.pdf used on input line 
831.
(pdftex.def)             Requested size: 421.98041pt x 171.03369pt.
 [39]
<./Figures/jenkins-workflow.png, id=947, 487.06969pt x 343.2825pt>
File: ./Figures/jenkins-workflow.png Graphic file (type png)

<use ./Figures/jenkins-workflow.png>
Package pdftex.def Info: ./Figures/jenkins-workflow.png used on input line 840.

(pdftex.def)             Requested size: 448.13095pt x 315.83943pt.
 [40 <D:/Master Thesis/Thesis/Report/Figures/Jenkins-Master-Slave.pdf>] [41 <D:
/Master Thesis/Thesis/Report/Figures/jenkins-workflow.png>]
<./Figures/ci-workflow-phase.pdf, id=997, 845.55902pt x 598.03424pt>
File: ./Figures/ci-workflow-phase.pdf Graphic file (type pdf)

<use ./Figures/ci-workflow-phase.pdf>
Package pdftex.def Info: ./Figures/ci-workflow-phase.pdf used on input line 871
.
(pdftex.def)             Requested size: 512.22014pt x 259.28679pt.

Overfull \hbox (64.08919pt too wide) in paragraph at lines 870--872
 [] 
 []

<./Figures/detailed-jenkins-workflow.png, id=999, 672.5928pt x 455.7828pt>
File: ./Figures/detailed-jenkins-workflow.png Graphic file (type png)

<use ./Figures/detailed-jenkins-workflow.png>
Package pdftex.def Info: ./Figures/detailed-jenkins-workflow.png used on input 
line 878.
(pdftex.def)             Requested size: 448.13095pt x 303.6829pt.
 [42] [43 <D:/Master Thesis/Thesis/Report/Figures/ci-workflow-phase.pdf>] [44 <
D:/Master Thesis/Thesis/Report/Figures/detailed-jenkins-workflow.png>] [45] [46
] [47] [48]
("D:\Master Thesis\Thesis\Report\seminar-template.bbl" [49]
Underfull \hbox (badness 10000) in paragraph at lines 138--140
[]\OT1/lmr/m/n/12 ``Gitflow work-flow.'' URL: [][]$\OT1/lmtt/m/n/12 https : / /
 www . atlassian . com / git / tutorials /$
 []


Underfull \hbox (badness 1325) in paragraph at lines 148--150
[]\OT1/lmr/m/n/12 ``Atlassian doc-u-men-ta-tion - what is an is-sue.'' URL: [][
]$\OT1/lmtt/m/n/12 https : / / confluence .$
 []

[50]) [51] [52]
Package atveryend Info: Empty hook `BeforeClearDocument' on input line 1038.
Package atveryend Info: Empty hook `AfterLastShipout' on input line 1038.
 ("D:\Master Thesis\Thesis\Report\seminar-template.aux")
Package atveryend Info: Executing hook `AtVeryEndDocument' on input line 1038.
Package atveryend Info: Executing hook `AtEndAfterFileList' on input line 1038.

Package rerunfilecheck Info: File `seminar-template.out' has not changed.
(rerunfilecheck)             Checksum: 8479C100EB818CEA79155E8278198680;2282.
Package atveryend Info: Empty hook `AtVeryVeryEnd' on input line 1038.
 ) 
Here is how much of TeX's memory you used:
 31973 strings out of 493921
 739009 string characters out of 3144882
 1124239 words of memory out of 3000000
 34323 multiletter control sequences out of 15000+200000
 60471 words of font info for 55 fonts, out of 3000000 for 9000
 841 hyphenation exceptions out of 8191
 73i,20n,100p,2315b,2259s stack positions out of 5000i,500n,10000p,200000b,50000s
{C:/Program Files (x86)/MiKTeX 2.9/fonts/enc/dvips/lm/lm-rm.enc}{C:/Program F
iles (x86)/MiKTeX 2.9/fonts/enc/dvips/lm/lm-mathit.enc}{C:/Program Files (x86)/
MiKTeX 2.9/fonts/enc/dvips/lm/lm-mathsy.enc}{C:/Program Files (x86)/MiKTeX 2.9/
fonts/enc/dvips/lm/lm-rmtt.enc}{C:/Program Files (x86)/MiKTeX 2.9/fonts/enc/dvi
ps/fontname/8r.enc}<C:/Program Files (x86)/MiKTeX 2.9/fonts/type1/public/amsfon
ts/cm/cmmi8.pfb><C:/Program Files (x86)/MiKTeX 2.9/fonts/type1/public/amsfonts/
cm/cmsy10.pfb><C:/Program Files (x86)/MiKTeX 2.9/fonts/type1/public/amsfonts/cm
/cmsy8.pfb><C:/Program Files (x86)/MiKTeX 2.9/fonts/type1/public/lm/lmbx12.pfb>
<C:/Program Files (x86)/MiKTeX 2.9/fonts/type1/public/lm/lmbx8.pfb><C:/Program 
Files (x86)/MiKTeX 2.9/fonts/type1/public/lm/lmbxi10.pfb><C:/Program Files (x86
)/MiKTeX 2.9/fonts/type1/public/lm/lmmi12.pfb><C:/Program Files (x86)/MiKTeX 2.
9/fonts/type1/public/lm/lmmi8.pfb><C:/Program Files (x86)/MiKTeX 2.9/fonts/type
1/public/lm/lmr10.pfb><C:/Program Files (x86)/MiKTeX 2.9/fonts/type1/public/lm/
lmr12.pfb><C:/Program Files (x86)/MiKTeX 2.9/fonts/type1/public/lm/lmr17.pfb><C
:/Program Files (x86)/MiKTeX 2.9/fonts/type1/public/lm/lmr8.pfb><C:/Program Fil
es (x86)/MiKTeX 2.9/fonts/type1/public/lm/lmri12.pfb><C:/Program Files (x86)/Mi
KTeX 2.9/fonts/type1/public/lm/lmsso12.pfb><C:/Program Files (x86)/MiKTeX 2.9/f
onts/type1/public/lm/lmsy10.pfb><C:/Program Files (x86)/MiKTeX 2.9/fonts/type1/
public/lm/lmsy8.pfb><C:/Program Files (x86)/MiKTeX 2.9/fonts/type1/public/lm/lm
tt12.pfb><C:/Program Files (x86)/MiKTeX 2.9/fonts/type1/urw/courier/ucrr8a.pfb>

Output written on seminar-template.pdf (52 pages, 1417971 bytes).
PDF statistics:
 1247 PDF objects out of 1440 (max. 8388607)
 394 named destinations out of 1000 (max. 500000)
 332 words of extra memory for PDF output out of 10000 (max. 10000000)

