\BOOKMARK [1][-]{section.1}{Introduction}{}% 1
\BOOKMARK [1][-]{section.2}{Background and Research Approach}{}% 2
\BOOKMARK [2][-]{subsection.2.1}{Background}{section.2}% 3
\BOOKMARK [3][-]{subsubsection.2.1.1}{Continuous Integration}{subsection.2.1}% 4
\BOOKMARK [3][-]{subsubsection.2.1.2}{Build Systems}{subsection.2.1}% 5
\BOOKMARK [2][-]{subsection.2.2}{Research Approach}{section.2}% 6
\BOOKMARK [3][-]{subsubsection.2.2.1}{Action Research}{subsection.2.2}% 7
\BOOKMARK [3][-]{subsubsection.2.2.2}{Qualitative Metrics in Study}{subsection.2.2}% 8
\BOOKMARK [1][-]{section.3}{On-Board Software Development \(OBSW\) - AS400 Central Software \(CSW\)}{}% 9
\BOOKMARK [2][-]{subsection.3.1}{Overview}{section.3}% 10
\BOOKMARK [2][-]{subsection.3.2}{Software Development Environment \(SDE\)}{section.3}% 11
\BOOKMARK [2][-]{subsection.3.3}{Software Development in OBSW - CSW}{section.3}% 12
\BOOKMARK [3][-]{subsubsection.3.3.1}{Terminology}{subsection.3.3}% 13
\BOOKMARK [3][-]{subsubsection.3.3.2}{AS400 CSW Architecture}{subsection.3.3}% 14
\BOOKMARK [2][-]{subsection.3.4}{Software Development Workflow}{section.3}% 15
\BOOKMARK [2][-]{subsection.3.5}{Build Automation in AS400 CSW}{section.3}% 16
\BOOKMARK [1][-]{section.4}{Gradle for AS400 CSW}{}% 17
\BOOKMARK [2][-]{subsection.4.1}{Terminology}{section.4}% 18
\BOOKMARK [2][-]{subsection.4.2}{Build System Design Aspects}{section.4}% 19
\BOOKMARK [2][-]{subsection.4.3}{Analysis of Build Logic}{section.4}% 20
\BOOKMARK [1][-]{section.5}{Continuous Integration in AS400 CSW}{}% 21
\BOOKMARK [2][-]{subsection.5.1}{Terminology}{section.5}% 22
\BOOKMARK [2][-]{subsection.5.2}{CI Workflow for AS400 CSW}{section.5}% 23
\BOOKMARK [2][-]{subsection.5.3}{Challenges faced during design}{section.5}% 24
\BOOKMARK [1][-]{section.6}{Evaluation and Results}{}% 25
\BOOKMARK [2][-]{subsection.6.1}{Performance Comparison}{section.6}% 26
\BOOKMARK [2][-]{subsection.6.2}{Complexity of Build Logic}{section.6}% 27
\BOOKMARK [2][-]{subsection.6.3}{Feature Comparison}{section.6}% 28
\BOOKMARK [2][-]{subsection.6.4}{Summary}{section.6}% 29
\BOOKMARK [1][-]{section.7}{Conclusion}{}% 30
\BOOKMARK [2][-]{subsection.7.1}{Summary}{section.7}% 31
\BOOKMARK [2][-]{subsection.7.2}{Future Work}{section.7}% 32
